<?xml version="1.0" encoding="UTF-8" ?>
<testsuite tests="1" failures="0" name="com.gupaoedu.test.APITest" time="0.411" errors="0" skipped="1">
  <properties>
[...]
</properties>
  <testcase classname="com.gupaoedu.test.APITest" name="test" time="0.411">
    <skipped/>
    <system-err>log4j:WARN No appenders could be found for logger (org.springframework.test.context.junit4.SpringJUnit4ClassRunner).
log4j:WARN Please initialize the log4j system properly.
log4j:WARN See http://logging.apache.org/log4j/1.2/faq.html#noconfig for more info.
</system-err>
  </testcase>
</testsuite>